
Max Relative Error (%) - Vapor Pressure: 
     VdW: 2421.98     RK : 100.093     SRK: 5.48023      PR: 7.86088

Relative Error (%) - Vapor Pressure: 
    Tvap:      VdW:      RK :      SRK:       PR: 
       280      2422    99.348   0.79199    7.2961
       281    2367.9    100.09    1.4449    7.8609
       282    2294.3    99.059    1.1985    7.4706
       283    2219.3    97.674   0.77253    6.8924
       284    2155.6    97.028   0.72354    6.7164
       285    2078.1    94.938  0.064405    5.7602
       286    2022.3    94.564  0.025893    5.7359
       287    1977.1    94.999   0.53474    6.1551
       288    1931.5    95.218   0.94923    6.4752
       289    1868.3    93.589   0.39593    5.7763
       290    1812.1    92.439   0.08861    5.3391
       291    1758.1      91.3   0.21372    4.9095
       292    1681.2    87.548    1.8846    3.0448
       293    1681.5    91.806   0.63792    5.5847
       294    1620.6    89.362   0.35071    4.4407
       295    1566.6    87.454    1.0623    3.5904
       296    1538.7    88.324   0.30698    4.2774
       297    1513.4    89.402   0.56345    5.0845
       298    1475.5    88.893   0.59359    5.0141
       299    1432.4    87.597   0.20448    4.5077
       300    1392.5    86.515  0.073254    4.1196
       301    1360.9    86.324   0.12666    4.2306
       302    1327.6    85.782   0.13838    4.1468
       303      1294     85.07  0.045151    3.9689
       304    1263.3    84.608  0.099195    3.9321
       305    1208.2    80.634    1.7566    1.9151
       306    1159.6    77.328      3.26   0.26822
       307    1116.7    74.586    4.4638    1.0749
       308    1119.1    78.287    2.1393    1.2459
       309    1082.8    76.246    2.9624      0.31
       310    1050.2    74.595    3.5753   0.40626
       311    1020.8    73.287     4.003   0.92916
       312    994.28    72.281    4.2661    1.2804
       313    1015.5    78.802   0.33578    2.6905
       314    1037.5    85.597    3.7715    6.8384
       315     966.3    77.077   0.68589    2.1698
       316    970.22    80.852     1.745    4.5904
       317    930.32    77.138  0.035879     2.682
       318    894.88    73.989    1.5089    1.0934
       319    857.73    70.346    3.2723   0.78976
       320    824.71    67.248    4.7376    2.3637
       321    823.57     69.83    2.9671   0.62047
       322    808.54    69.827     2.668   0.38477
       323    794.73    69.981    2.2784  0.055878
       324    782.01    70.278    1.8045   0.35955
       325    773.06    71.253   0.93657    1.1777
       326     764.8    72.325 0.0080804    2.0574
       327    722.75    66.521    3.0773    1.1408
       328     704.6    65.381    3.4432    1.5784
       329     704.3    67.865    1.6907   0.14328
       330     672.8     63.75    3.8044    2.0722
       331    686.49    69.166    0.3163     1.415
       332    632.51    59.911    5.4802    3.8982
       333    639.53    63.832    2.8647    1.2993
       334    628.08    63.659    2.6686    1.1597
       335    616.85    63.472    2.4817    1.0288
       336    606.46    63.418    2.2152   0.81661
       337    596.84    63.486    1.8745   0.52867
       338    587.92    63.669    1.4644   0.17003
       339    577.79    63.509    1.2603  0.019585
       340     568.4    63.473   0.98115   0.20732
       341       541    58.916    3.4482    2.3429
       342    535.95    59.802    2.6151    1.5535
       343    531.26    60.752    1.7385   0.72029
       344    519.31    59.807    2.0205    1.0573
       345    508.28    59.028     2.203    1.2928
       346    512.74    62.285    0.1011   0.98102
       347    491.53    58.692    1.8205    1.0074
       348    472.44    55.538    3.4821    2.7312
       349     479.7    59.508   0.72207 0.0012428
       350    461.23    56.366    2.3858    1.7222
