
Temperature vs. Vapor Pressure for each EOS: 
Tvap: VdW Pvap:  RK Pvap: SRK Pvap:  PR Pvap:     Pexp: 
273      11.1      5.73      4.76      4.71      4.74
274      11.3      5.89      4.91      4.86      4.89
275      11.5      6.06      5.06      5.01      5.05
276      11.7      6.24      5.22      5.16       5.2
277      11.9      6.41      5.38      5.32      5.35
278      12.1      6.59      5.54      5.48      5.51
279      12.4      6.78      5.71      5.64      5.68
280      12.6      6.97      5.88      5.81      5.85
281      12.8      7.16      6.05      5.98      6.01
282        13      7.35      6.23      6.15      6.19
283      13.2      7.55      6.41      6.33      6.37
284      13.5      7.75       6.6      6.51      6.55
285      13.7      7.96      6.78       6.7      6.73
286      13.9      8.17      6.98      6.89      6.93
287      14.1      8.38      7.17      7.08      7.12
288      14.4       8.6      7.38      7.28      7.32
289      14.6      8.82      7.58      7.48      7.51
290      14.8      9.05      7.79      7.68      7.73
291      15.1      9.28         8      7.89      7.94
292      15.3      9.51      8.22      8.11      8.15
293      15.6      9.75      8.44      8.33      8.36
294      15.8      9.99      8.67      8.55      8.59
295      16.1      10.2       8.9      8.78      8.82
296      16.3      10.5      9.14      9.01      9.05
297      16.6      10.7      9.38      9.24      9.28
298      16.8        11      9.62      9.48      9.53
299      17.1      11.3      9.87      9.73      9.77
300      17.4      11.5      10.1      9.98        10
301      17.6      11.8      10.4      10.2      10.3
302      17.9      12.1      10.6      10.5      10.5
303      18.2      12.3      10.9      10.8      10.8
304      18.5      12.6      11.2        11      11.1
305      18.7      12.9      11.5      11.3      11.3
306        19      13.2      11.8      11.6      11.6
307      19.3      13.5        12      11.9      11.9
308      19.6      13.8      12.3      12.2      12.2
309      19.9      14.1      12.6      12.4      12.5
310      20.2      14.4      12.9      12.7      12.8
311      20.4      14.7      13.2      13.1      13.1
312      20.7      15.1      13.6      13.4      13.4
313        21      15.4      13.9      13.7      13.7
314      21.3      15.7      14.2        14        14
315      21.6      16.1      14.5      14.3      14.3
316      21.9      16.4      14.9      14.7      14.7
317      22.3      16.7      15.2        15        15
318      22.6      17.1      15.6      15.3      15.3
319      22.9      17.4      15.9      15.7      15.7
320      23.2      17.8      16.3        16      16.1
