
Max Relative Error (%) - Vapor Pressure: 
     VdW: 28742.1     RK : 446.871     SRK: 33.2038      PR: 21.7222

Relative Error (%) - Vapor Pressure: 
    Tvap:      VdW:      RK :      SRK:       PR: 
       273     28742    446.87    33.204    21.722
       274     27455    442.13    33.008    21.663
       275     26357    439.89    32.505    21.244
       276     25198    435.23     32.31    21.184
       277     24206    432.96    31.816    20.774
       278     23160    428.37    31.621    20.712
       279     22263    426.07    31.134    20.311
       280     21317    421.56    30.941    20.249
       281     20505    419.24    30.462    19.856
       282     19649    414.81    30.269    19.792
       283     18912    412.46    29.797    19.408
       284     18136    408.11    29.605    19.344
       285     17467    405.75    29.141    18.967
       286     16763    401.47     28.95    18.902
       287     16153     399.1    28.494    18.534
       288     15513     394.9    28.304    18.468
       289     14958    392.52    27.855    18.107
       290     14375    388.39    27.666    18.041
       291     13869    386.01    27.224    17.688
       292     13337    381.96    27.037    17.621
       293     12875    379.57    26.602    17.275
       294     12390     375.6    26.416    17.208
       295     11966    373.21    25.988    16.869
       296     11523    369.31    25.803    16.802
       297     11135    366.93    25.383     16.47
       298     10729     363.1    25.199    16.402
       299     10374    360.73    24.786    16.077
       300     10002    356.97    24.603     16.01
       301    9675.4    354.61    24.197    15.691
       302    9334.2    350.92    24.016    15.623
       303      9034    348.57    23.616    15.311
       304    8720.5    344.96    23.437    15.243
       305    8444.2    342.62    23.043    14.938
       306    8155.8    339.07    22.866     14.87
       307    7901.2    336.75    22.479    14.571
       308    7635.6    333.27    22.303    14.503
       309    7400.7    330.96    21.923     14.21
       310    7155.9    327.55    21.748    14.142
       311    6938.9    325.26    21.375    13.855
       312    6712.9    321.91    21.202    13.788
       313    6512.3    319.64    20.835    13.507
       314    6303.5    316.36    20.664    13.439
       315    6117.9    314.11    20.303    13.164
       316    5924.7     310.9    20.134    13.097
       317    5752.7    308.67    19.779    12.827
       318    5573.8    305.51    19.611     12.76
       319    5414.2    303.31    19.263    12.496
       320    5248.4    300.22    19.097     12.43
       321    5100.3    298.03    18.755    12.171
       322    4946.4       295    18.591    12.105
       323    4808.8    292.84    18.255    11.852
       324    4665.9    289.87    18.093    11.786
       325    4537.8    287.73    17.762    11.538
       326    4404.9    284.82    17.602    11.473
       327    4285.7    282.71    17.278     11.23
       328      4162    279.86    17.119    11.165
       329    4050.9    277.77    16.801    10.928
       330    3935.7    274.97    16.644    10.863
       331      3832    272.91    16.331     10.63
       332    3724.6    270.12    16.177    10.567
       333    3627.8    268.08     15.87    10.339
       334    3527.5    265.39    15.718    10.276
       335      3437    263.38    15.416    10.053
       336    3343.4    260.75    15.266      9.99
       337    3258.8    258.76    14.969    9.7716
       338    3171.2    256.18    14.821    9.7097
       339      3092    254.22     14.53    9.4958
       340    3010.2     251.7    14.383     9.433
       341      2936    249.77    14.096    9.2222
       342    2859.2    247.29    13.953    9.1633
       343    2789.6    245.38    13.675    8.9599
       344    2717.7    242.94    13.533    8.9002
       345    2652.4    241.07    13.258    8.6996
       346    2584.9    238.68    13.118    8.6406
       347    2523.6    236.83    12.848    8.4443
       348    2460.3     234.5    12.711    8.3861
       349    2402.6    232.67    12.446    8.1941
       350    2343.1    230.38     12.31    8.1366
       351    2288.9    228.58    12.051    7.9487
       352    2232.9    226.34    11.917    7.8921
       353    2181.9    224.57    11.663    7.7082
       354    2129.3    222.37    11.531    7.6524
       355    2081.2    220.62    11.282    7.4725
       356    2031.6    218.46    11.153    7.4176
       357    1986.3    216.74    10.908    7.2416
       358    1939.6    214.63    10.781    7.1876
       359    1896.8    212.93    10.541    7.0154
       360    1852.7    210.86    10.416    6.9623
       361    1812.4    209.19    10.181    6.7938
       362    1770.8    207.16    10.058    6.7417
       363    1732.6    205.52    9.8273    6.5769
       364    1693.4    203.52    9.7068    6.5257
       365    1657.3    201.91    9.4808    6.3646
       366    1620.2    199.95    9.3624    6.3143
       367    1586.1    198.36    9.1409    6.1568
       368      1551    196.44    9.0368    6.1074
       369    1518.7    194.87    8.8201    5.9534
       370    1485.5    192.99    8.7064     5.905
       371      1455    191.45    8.4941    5.7545
       372    1423.5    189.61    8.3826    5.7166
       373    1394.5    188.09    8.1747    5.5697
