
Temperature vs. Vapor Pressure for each EOS: 
Tvap: VdW Pvap:  RK Pvap: SRK Pvap:  PR Pvap:     Pexp: 
273      1.76    0.0334   0.00408   0.00478   0.00611
274      1.81    0.0357   0.00441   0.00516   0.00659
275      1.87    0.0381   0.00476   0.00556   0.00706
276      1.92    0.0407   0.00514   0.00599    0.0076
277      1.98    0.0434   0.00555   0.00645   0.00814
278      2.03    0.0462   0.00598   0.00693   0.00874
279      2.09    0.0492   0.00644   0.00745   0.00935
280      2.15    0.0524   0.00693   0.00801      0.01
281      2.21    0.0557   0.00746    0.0086    0.0107
282      2.27    0.0592   0.00802   0.00923    0.0115
283      2.33    0.0629   0.00862    0.0099    0.0123
284       2.4    0.0668   0.00926    0.0106    0.0132
285      2.46    0.0709   0.00994    0.0114     0.014
286      2.53    0.0753    0.0107    0.0122     0.015
287       2.6    0.0798    0.0114     0.013     0.016
288      2.67    0.0846    0.0123    0.0139    0.0171
289      2.74    0.0896    0.0131    0.0149    0.0182
290      2.81    0.0948     0.014    0.0159    0.0194
291      2.88       0.1     0.015     0.017    0.0206
292      2.96     0.106    0.0161    0.0181     0.022
293      3.04     0.112    0.0172    0.0194    0.0234
294      3.11     0.119    0.0183    0.0206    0.0249
295      3.19     0.125    0.0196     0.022    0.0265
296      3.27     0.132    0.0209    0.0234    0.0282
297      3.35     0.139    0.0223    0.0249    0.0299
298      3.44     0.147    0.0237    0.0265    0.0317
299      3.52     0.155    0.0253    0.0282    0.0336
300      3.61     0.163    0.0269      0.03    0.0357
301       3.7     0.172    0.0287    0.0319    0.0378
302      3.79     0.181    0.0305    0.0339    0.0402
303      3.88     0.191    0.0324     0.036    0.0425
304      3.97       0.2    0.0345    0.0382     0.045
305      4.07     0.211    0.0366    0.0405    0.0476
306      4.16     0.221    0.0389    0.0429    0.0504
307      4.26     0.233    0.0413    0.0455    0.0533
308      4.36     0.244    0.0438    0.0482    0.0564
309      4.46     0.256    0.0464     0.051    0.0595
310      4.56     0.269    0.0492     0.054    0.0629
311      4.67     0.282    0.0522    0.0571    0.0663
312      4.78     0.296    0.0552    0.0604    0.0701
313      4.88      0.31    0.0585    0.0639    0.0739
314      4.99     0.325    0.0619    0.0675     0.078
315       5.1      0.34    0.0654    0.0713    0.0821
316      5.22     0.356    0.0692    0.0753    0.0866
317      5.33     0.372    0.0731    0.0794    0.0911
318      5.45      0.39    0.0772    0.0838    0.0961
319      5.57     0.407    0.0815    0.0884     0.101
320      5.69     0.426    0.0861    0.0932     0.106
321      5.81     0.445    0.0908    0.0982     0.112
322      5.94     0.465    0.0958     0.103     0.118
323      6.06     0.485     0.101     0.109     0.124
324      6.19     0.507     0.106     0.115      0.13
325      6.32     0.529     0.112     0.121     0.136
326      6.45     0.551     0.118     0.127     0.143
327      6.59     0.575     0.124     0.133      0.15
328      6.72     0.599     0.131      0.14     0.158
329      6.86     0.625     0.138     0.147     0.165
330         7     0.651     0.145     0.155     0.174
331      7.15     0.678     0.152     0.162     0.182
332      7.29     0.705      0.16      0.17     0.191
333      7.44     0.734     0.168     0.179     0.199
334      7.58     0.764     0.176     0.188     0.209
335      7.73     0.795     0.185     0.197     0.219
336      7.89     0.826     0.194     0.206     0.229
337      8.04     0.859     0.204     0.216     0.239
338       8.2     0.893     0.213     0.226     0.251
339      8.36     0.928     0.224     0.237     0.262
340      8.52     0.963     0.235     0.248     0.274
341      8.68         1     0.246      0.26     0.286
342      8.85      1.04     0.257     0.272     0.299
343      9.02      1.08     0.269     0.284     0.312
344      9.19      1.12     0.282     0.297     0.326
345      9.36      1.16     0.295      0.31      0.34
346      9.53       1.2     0.308     0.324     0.355
347      9.71      1.25     0.323     0.339      0.37
348      9.89      1.29     0.337     0.354     0.386
349      10.1      1.34     0.352     0.369     0.402
350      10.3      1.39     0.368     0.386      0.42
351      10.4      1.44     0.384     0.402     0.437
352      10.6      1.49     0.401      0.42     0.456
353      10.8      1.54     0.419     0.438     0.474
354        11      1.59     0.437     0.456     0.494
355      11.2      1.65     0.456     0.475     0.514
356      11.4       1.7     0.475     0.495     0.535
357      11.6      1.76     0.496     0.516     0.556
358      11.8      1.82     0.517     0.537     0.579
359        12      1.88     0.538      0.56     0.602
360      12.2      1.95     0.561     0.582     0.626
361      12.4      2.01     0.584     0.606      0.65
362      12.6      2.08     0.608      0.63     0.676
363      12.9      2.14     0.633     0.656     0.702
364      13.1      2.21     0.659     0.682     0.729
365      13.3      2.28     0.685     0.709     0.757
366      13.5      2.36     0.713     0.736     0.786
367      13.7      2.43     0.741     0.765     0.815
368        14      2.51      0.77     0.795     0.847
369      14.2      2.59       0.8     0.825     0.878
370      14.4      2.67     0.831     0.857     0.911
371      14.7      2.75     0.864      0.89     0.944
372      14.9      2.84     0.897     0.923     0.979
373      15.2      2.92     0.931     0.958      1.01
