
Temperature vs. Vapor Pressure for each EOS: 
Tvap: VdW Pvap:  RK Pvap: SRK Pvap:  PR Pvap:     Pexp: 
280      1.32     0.105    0.0529    0.0564    0.0525
281      1.36      0.11    0.0558    0.0593     0.055
282      1.39     0.116    0.0588    0.0624    0.0581
283      1.42     0.121    0.0619    0.0656    0.0614
284      1.46     0.127    0.0651     0.069    0.0646
285      1.49     0.134    0.0685    0.0725    0.0685
286      1.53      0.14     0.072    0.0761     0.072
287      1.56     0.147    0.0757    0.0799    0.0753
288       1.6     0.154    0.0795    0.0839    0.0788
289      1.64     0.161    0.0835     0.088    0.0832
290      1.68     0.169    0.0877    0.0923    0.0876
291      1.71     0.176     0.092    0.0967    0.0922
292      1.75     0.185    0.0965     0.101    0.0984
293      1.79     0.193     0.101     0.106     0.101
294      1.83     0.202     0.106     0.111     0.106
295      1.87     0.211     0.111     0.116     0.112
296      1.91      0.22     0.116     0.122     0.117
297      1.96      0.23     0.122     0.127     0.121
298         2      0.24     0.128     0.133     0.127
299      2.04      0.25     0.134     0.139     0.133
300      2.09     0.261      0.14     0.146      0.14
301      2.13     0.272     0.146     0.152     0.146
302      2.18     0.283     0.153     0.159     0.153
303      2.22     0.295      0.16     0.166     0.159
304      2.27     0.307     0.167     0.173     0.167
305      2.32      0.32     0.174     0.181     0.177
306      2.37     0.333     0.182     0.188     0.188
307      2.41     0.346      0.19     0.196     0.198
308      2.46      0.36     0.198     0.205     0.202
309      2.51     0.375     0.206     0.213     0.213
310      2.57     0.389     0.215     0.222     0.223
311      2.62     0.405     0.224     0.231     0.233
312      2.67      0.42     0.234     0.241     0.244
313      2.72     0.436     0.243     0.251     0.244
314      2.78     0.453     0.253     0.261     0.244
315      2.83      0.47     0.264     0.271     0.266
316      2.89     0.488     0.274     0.282      0.27
317      2.94     0.506     0.285     0.293     0.286
318         3     0.525     0.297     0.305     0.301
319      3.06     0.544     0.309     0.317     0.319
320      3.12     0.563     0.321     0.329     0.337
321      3.17     0.584     0.334     0.342     0.344
322      3.23     0.605     0.347     0.355     0.356
323       3.3     0.626      0.36     0.368     0.368
324      3.36     0.648     0.374     0.382     0.381
325      3.42     0.671     0.388     0.396     0.392
326      3.48     0.694     0.403     0.411     0.403
327      3.55     0.718     0.418     0.426     0.431
328      3.61     0.742     0.433     0.442     0.449
329      3.68     0.767     0.449     0.458     0.457
330      3.74     0.793     0.466     0.474     0.484
331      3.81     0.819     0.483     0.491     0.484
332      3.88     0.846       0.5     0.509     0.529
333      3.95     0.874     0.518     0.527     0.534
334      4.02     0.903     0.537     0.545     0.551
335      4.09     0.932     0.556     0.564      0.57
336      4.16     0.962     0.575     0.584     0.588
337      4.23     0.992     0.596     0.604     0.607
338       4.3      1.02     0.616     0.624     0.625
339      4.38      1.06     0.637     0.645     0.646
340      4.45      1.09     0.659     0.667     0.666
341      4.53      1.12     0.682      0.69     0.706
342       4.6      1.16     0.705     0.712     0.724
343      4.68      1.19     0.728     0.736     0.741
344      4.76      1.23     0.753      0.76     0.768
345      4.84      1.26     0.778     0.785     0.795
346      4.92       1.3     0.803      0.81     0.802
347         5      1.34     0.829     0.836     0.845
348      5.08      1.38     0.856     0.863     0.887
349      5.16      1.42     0.884      0.89      0.89
350      5.24      1.46     0.912     0.918     0.934
