
Temperature vs. Vapor Pressure for each EOS: 
Tvap: VdW Pvap:  RK Pvap: SRK Pvap:  PR Pvap:     Pexp: 
120      5.28      1.55      1.91      1.94      1.99
121      5.53      1.68      2.05      2.08      2.16
122      5.78      1.82       2.2      2.23      2.34
123      6.04      1.96      2.36      2.39      2.52
124      6.31      2.12      2.52      2.55       2.7
125      6.59      2.28       2.7      2.73      2.89
126      6.88      2.46      2.88      2.91      3.08
127      7.18      2.64      3.07       3.1      3.22
128      7.48      2.83      3.27       3.3      3.36
129      7.79      3.03      3.48      3.51      3.57
130      8.11      3.24       3.7      3.72      3.78
131      8.44      3.47      3.93      3.95      4.04
132      8.78       3.7      4.18      4.19      4.23
133      9.12      3.95      4.43      4.44      4.53
134      9.48       4.2      4.69       4.7      4.83
135      9.84      4.47      4.96      4.97      5.13
136      10.2      4.75      5.25      5.25       4.9
137      10.6      5.05      5.55      5.54      5.81
138        11      5.35      5.86      5.85      5.85
139      11.4      5.67      6.18      6.17      5.88
140      11.8      6.01      6.51       6.5      6.71
141      12.2      6.35      6.86      6.84      6.98
142      12.6      6.71      7.22       7.2      7.25
143      13.1      7.09      7.59      7.56      7.62
144      13.5      7.47      7.98      7.95         8
145        14      7.88      8.38      8.34      7.85
146      14.5       8.3       8.8      8.75      8.96
147      14.9      8.73      9.23      9.18       9.5
148      15.4      9.18      9.68      9.62       9.9
149      15.9      9.64      10.1      10.1      10.4
150      16.4      10.1      10.6      10.5      10.8
151      16.9      10.6      11.1        11      11.9
152      17.5      11.1      11.6      11.5      11.6
153        18      11.7      12.1        12      12.2
154      18.5      12.2      12.7      12.6      12.8
155      19.1      12.8      13.2      13.1      13.5
156      19.7      13.4      13.8      13.7        14
157      20.3        14      14.4      14.3      14.7
158      20.8      14.6        15      14.9      15.1
159      21.4      15.2      15.6      15.5      15.8
160      22.1      15.9      16.3      16.1      16.6
